{"/Users/curtiswong/linkedin_courses/jest_course/end_to_end_test/index.js": {"path":"/Users/curtiswong/linkedin_courses/jest_course/end_to_end_test/index.js","statementMap":{"0":{"start":{"line":1,"column":16},"end":{"line":1,"column":34}},"1":{"start":{"line":2,"column":19},"end":{"line":2,"column":41}},"2":{"start":{"line":3,"column":13},"end":{"line":3,"column":28}},"3":{"start":{"line":4,"column":15},"end":{"line":4,"column":32}},"4":{"start":{"line":5,"column":15},"end":{"line":5,"column":43}},"5":{"start":{"line":7,"column":22},"end":{"line":23,"column":1}},"6":{"start":{"line":8,"column":14},"end":{"line":8,"column":23}},"7":{"start":{"line":11,"column":2},"end":{"line":11,"column":18}},"8":{"start":{"line":12,"column":2},"end":{"line":12,"column":25}},"9":{"start":{"line":15,"column":2},"end":{"line":15,"column":51}},"10":{"start":{"line":18,"column":2},"end":{"line":18,"column":26}},"11":{"start":{"line":20,"column":2},"end":{"line":20,"column":23}},"12":{"start":{"line":22,"column":2},"end":{"line":22,"column":13}},"13":{"start":{"line":25,"column":12},"end":{"line":25,"column":27}},"14":{"start":{"line":26,"column":0},"end":{"line":26,"column":21}}},"fnMap":{"0":{"name":"(anonymous_0)","decl":{"start":{"line":7,"column":22},"end":{"line":7,"column":23}},"loc":{"start":{"line":7,"column":28},"end":{"line":23,"column":1}},"line":7}},"branchMap":{},"s":{"0":1,"1":1,"2":1,"3":1,"4":1,"5":1,"6":1,"7":1,"8":1,"9":1,"10":1,"11":1,"12":1,"13":1,"14":1},"f":{"0":1},"b":{},"_coverageSchema":"1a1c01bbd47fc00a2c39e90264f33305004495a9","hash":"407931e31b0e45c201990d354e13e8c5879b14b9"}
,"/Users/curtiswong/linkedin_courses/jest_course/end_to_end_test/controllers/RecipesController.js": {"path":"/Users/curtiswong/linkedin_courses/jest_course/end_to_end_test/controllers/RecipesController.js","statementMap":{"0":{"start":{"line":1,"column":16},"end":{"line":1,"column":55}},"1":{"start":{"line":3,"column":26},"end":{"line":176,"column":1}},"2":{"start":{"line":6,"column":4},"end":{"line":18,"column":5}},"3":{"start":{"line":7,"column":22},"end":{"line":7,"column":48}},"4":{"start":{"line":9,"column":6},"end":{"line":12,"column":9}},"5":{"start":{"line":14,"column":6},"end":{"line":17,"column":9}},"6":{"start":{"line":23,"column":4},"end":{"line":23,"column":26}},"7":{"start":{"line":24,"column":4},"end":{"line":69,"column":5}},"8":{"start":{"line":26,"column":47},"end":{"line":26,"column":55}},"9":{"start":{"line":29,"column":6},"end":{"line":34,"column":7}},"10":{"start":{"line":30,"column":8},"end":{"line":33,"column":11}},"11":{"start":{"line":36,"column":6},"end":{"line":41,"column":7}},"12":{"start":{"line":37,"column":8},"end":{"line":40,"column":11}},"13":{"start":{"line":44,"column":6},"end":{"line":49,"column":7}},"14":{"start":{"line":45,"column":8},"end":{"line":48,"column":11}},"15":{"start":{"line":51,"column":28},"end":{"line":55,"column":7}},"16":{"start":{"line":58,"column":22},"end":{"line":58,"column":62}},"17":{"start":{"line":60,"column":6},"end":{"line":63,"column":9}},"18":{"start":{"line":65,"column":6},"end":{"line":68,"column":9}},"19":{"start":{"line":74,"column":4},"end":{"line":95,"column":5}},"20":{"start":{"line":75,"column":21},"end":{"line":75,"column":31}},"21":{"start":{"line":78,"column":22},"end":{"line":78,"column":49}},"22":{"start":{"line":79,"column":6},"end":{"line":84,"column":7}},"23":{"start":{"line":80,"column":8},"end":{"line":83,"column":11}},"24":{"start":{"line":86,"column":6},"end":{"line":89,"column":9}},"25":{"start":{"line":91,"column":6},"end":{"line":94,"column":9}},"26":{"start":{"line":100,"column":4},"end":{"line":100,"column":26}},"27":{"start":{"line":101,"column":4},"end":{"line":153,"column":5}},"28":{"start":{"line":103,"column":6},"end":{"line":108,"column":7}},"29":{"start":{"line":104,"column":8},"end":{"line":107,"column":11}},"30":{"start":{"line":111,"column":6},"end":{"line":121,"column":7}},"31":{"start":{"line":117,"column":8},"end":{"line":120,"column":11}},"32":{"start":{"line":123,"column":6},"end":{"line":128,"column":7}},"33":{"start":{"line":124,"column":8},"end":{"line":127,"column":11}},"34":{"start":{"line":130,"column":21},"end":{"line":130,"column":31}},"35":{"start":{"line":133,"column":26},"end":{"line":133,"column":53}},"36":{"start":{"line":134,"column":6},"end":{"line":139,"column":7}},"37":{"start":{"line":135,"column":8},"end":{"line":138,"column":11}},"38":{"start":{"line":141,"column":28},"end":{"line":141,"column":36}},"39":{"start":{"line":143,"column":22},"end":{"line":143,"column":73}},"40":{"start":{"line":144,"column":6},"end":{"line":147,"column":9}},"41":{"start":{"line":149,"column":6},"end":{"line":152,"column":9}},"42":{"start":{"line":158,"column":4},"end":{"line":174,"column":5}},"43":{"start":{"line":160,"column":21},"end":{"line":160,"column":31}},"44":{"start":{"line":163,"column":6},"end":{"line":163,"column":43}},"45":{"start":{"line":165,"column":6},"end":{"line":168,"column":9}},"46":{"start":{"line":170,"column":6},"end":{"line":173,"column":9}},"47":{"start":{"line":178,"column":0},"end":{"line":178,"column":35}}},"fnMap":{"0":{"name":"(anonymous_0)","decl":{"start":{"line":5,"column":10},"end":{"line":5,"column":11}},"loc":{"start":{"line":5,"column":30},"end":{"line":19,"column":3}},"line":5},"1":{"name":"(anonymous_1)","decl":{"start":{"line":22,"column":10},"end":{"line":22,"column":11}},"loc":{"start":{"line":22,"column":30},"end":{"line":70,"column":3}},"line":22},"2":{"name":"(anonymous_2)","decl":{"start":{"line":73,"column":10},"end":{"line":73,"column":11}},"loc":{"start":{"line":73,"column":30},"end":{"line":96,"column":3}},"line":73},"3":{"name":"(anonymous_3)","decl":{"start":{"line":99,"column":10},"end":{"line":99,"column":11}},"loc":{"start":{"line":99,"column":30},"end":{"line":154,"column":3}},"line":99},"4":{"name":"(anonymous_4)","decl":{"start":{"line":157,"column":10},"end":{"line":157,"column":11}},"loc":{"start":{"line":157,"column":30},"end":{"line":175,"column":3}},"line":157}},"branchMap":{"0":{"loc":{"start":{"line":29,"column":6},"end":{"line":34,"column":7}},"type":"if","locations":[{"start":{"line":29,"column":6},"end":{"line":34,"column":7}},{"start":{},"end":{}}],"line":29},"1":{"loc":{"start":{"line":36,"column":6},"end":{"line":41,"column":7}},"type":"if","locations":[{"start":{"line":36,"column":6},"end":{"line":41,"column":7}},{"start":{},"end":{}}],"line":36},"2":{"loc":{"start":{"line":44,"column":6},"end":{"line":49,"column":7}},"type":"if","locations":[{"start":{"line":44,"column":6},"end":{"line":49,"column":7}},{"start":{},"end":{}}],"line":44},"3":{"loc":{"start":{"line":44,"column":10},"end":{"line":44,"column":77}},"type":"binary-expr","locations":[{"start":{"line":44,"column":10},"end":{"line":44,"column":40}},{"start":{"line":44,"column":44},"end":{"line":44,"column":59}},{"start":{"line":44,"column":63},"end":{"line":44,"column":77}}],"line":44},"4":{"loc":{"start":{"line":79,"column":6},"end":{"line":84,"column":7}},"type":"if","locations":[{"start":{"line":79,"column":6},"end":{"line":84,"column":7}},{"start":{},"end":{}}],"line":79},"5":{"loc":{"start":{"line":103,"column":6},"end":{"line":108,"column":7}},"type":"if","locations":[{"start":{"line":103,"column":6},"end":{"line":108,"column":7}},{"start":{},"end":{}}],"line":103},"6":{"loc":{"start":{"line":111,"column":6},"end":{"line":121,"column":7}},"type":"if","locations":[{"start":{"line":111,"column":6},"end":{"line":121,"column":7}},{"start":{},"end":{}}],"line":111},"7":{"loc":{"start":{"line":112,"column":8},"end":{"line":115,"column":34}},"type":"binary-expr","locations":[{"start":{"line":112,"column":8},"end":{"line":112,"column":27}},{"start":{"line":113,"column":9},"end":{"line":113,"column":48}},{"start":{"line":114,"column":10},"end":{"line":114,"column":34}},{"start":{"line":115,"column":10},"end":{"line":115,"column":33}}],"line":112},"8":{"loc":{"start":{"line":123,"column":6},"end":{"line":128,"column":7}},"type":"if","locations":[{"start":{"line":123,"column":6},"end":{"line":128,"column":7}},{"start":{},"end":{}}],"line":123},"9":{"loc":{"start":{"line":123,"column":10},"end":{"line":123,"column":73}},"type":"binary-expr","locations":[{"start":{"line":123,"column":10},"end":{"line":123,"column":29}},{"start":{"line":123,"column":33},"end":{"line":123,"column":73}}],"line":123},"10":{"loc":{"start":{"line":134,"column":6},"end":{"line":139,"column":7}},"type":"if","locations":[{"start":{"line":134,"column":6},"end":{"line":139,"column":7}},{"start":{},"end":{}}],"line":134}},"s":{"0":1,"1":1,"2":2,"3":2,"4":1,"5":1,"6":5,"7":5,"8":5,"9":5,"10":1,"11":4,"12":1,"13":3,"14":1,"15":2,"16":2,"17":1,"18":1,"19":3,"20":3,"21":3,"22":2,"23":1,"24":1,"25":1,"26":6,"27":6,"28":6,"29":1,"30":5,"31":1,"32":4,"33":1,"34":3,"35":3,"36":3,"37":1,"38":2,"39":2,"40":1,"41":1,"42":2,"43":2,"44":2,"45":1,"46":1,"47":1},"f":{"0":2,"1":5,"2":3,"3":6,"4":2},"b":{"0":[1,4],"1":[1,3],"2":[1,2],"3":[3,2,2],"4":[1,1],"5":[1,5],"6":[1,4],"7":[5,3,2,2],"8":[1,3],"9":[4,1],"10":[1,2]},"_coverageSchema":"1a1c01bbd47fc00a2c39e90264f33305004495a9","hash":"0026ad7dbabdfddf93210865b1ae585f11385dc2"}
,"/Users/curtiswong/linkedin_courses/jest_course/end_to_end_test/controllers/UsersController.js": {"path":"/Users/curtiswong/linkedin_courses/jest_course/end_to_end_test/controllers/UsersController.js","statementMap":{"0":{"start":{"line":1,"column":15},"end":{"line":1,"column":32}},"1":{"start":{"line":2,"column":12},"end":{"line":2,"column":35}},"2":{"start":{"line":4,"column":13},"end":{"line":4,"column":50}},"3":{"start":{"line":6,"column":31},"end":{"line":6,"column":116}},"4":{"start":{"line":8,"column":24},"end":{"line":54,"column":1}},"5":{"start":{"line":11,"column":4},"end":{"line":52,"column":5}},"6":{"start":{"line":12,"column":6},"end":{"line":17,"column":7}},"7":{"start":{"line":13,"column":8},"end":{"line":16,"column":11}},"8":{"start":{"line":19,"column":23},"end":{"line":19,"column":67}},"9":{"start":{"line":20,"column":6},"end":{"line":25,"column":7}},"10":{"start":{"line":21,"column":8},"end":{"line":24,"column":11}},"11":{"start":{"line":27,"column":30},"end":{"line":27,"column":88}},"12":{"start":{"line":28,"column":6},"end":{"line":33,"column":7}},"13":{"start":{"line":29,"column":8},"end":{"line":32,"column":11}},"14":{"start":{"line":35,"column":26},"end":{"line":39,"column":7}},"15":{"start":{"line":41,"column":26},"end":{"line":41,"column":49}},"16":{"start":{"line":42,"column":6},"end":{"line":46,"column":9}},"17":{"start":{"line":48,"column":6},"end":{"line":51,"column":9}},"18":{"start":{"line":56,"column":0},"end":{"line":56,"column":33}}},"fnMap":{"0":{"name":"generateToken","decl":{"start":{"line":6,"column":9},"end":{"line":6,"column":22}},"loc":{"start":{"line":6,"column":29},"end":{"line":6,"column":118}},"line":6},"1":{"name":"(anonymous_1)","decl":{"start":{"line":10,"column":9},"end":{"line":10,"column":10}},"loc":{"start":{"line":10,"column":29},"end":{"line":53,"column":3}},"line":10}},"branchMap":{"0":{"loc":{"start":{"line":12,"column":6},"end":{"line":17,"column":7}},"type":"if","locations":[{"start":{"line":12,"column":6},"end":{"line":17,"column":7}},{"start":{},"end":{}}],"line":12},"1":{"loc":{"start":{"line":12,"column":10},"end":{"line":12,"column":50}},"type":"binary-expr","locations":[{"start":{"line":12,"column":10},"end":{"line":12,"column":28}},{"start":{"line":12,"column":32},"end":{"line":12,"column":50}}],"line":12},"2":{"loc":{"start":{"line":20,"column":6},"end":{"line":25,"column":7}},"type":"if","locations":[{"start":{"line":20,"column":6},"end":{"line":25,"column":7}},{"start":{},"end":{}}],"line":20},"3":{"loc":{"start":{"line":28,"column":6},"end":{"line":33,"column":7}},"type":"if","locations":[{"start":{"line":28,"column":6},"end":{"line":33,"column":7}},{"start":{},"end":{}}],"line":28}},"s":{"0":1,"1":1,"2":1,"3":1,"4":1,"5":6,"6":6,"7":2,"8":4,"9":3,"10":1,"11":2,"12":2,"13":1,"14":1,"15":1,"16":1,"17":1,"18":1},"f":{"0":1,"1":6},"b":{"0":[2,4],"1":[6,5],"2":[1,2],"3":[1,1]},"_coverageSchema":"1a1c01bbd47fc00a2c39e90264f33305004495a9","hash":"4897669b251008eb5540d6fc5ecad9be8ef78784"}
,"/Users/curtiswong/linkedin_courses/jest_course/end_to_end_test/database/dbConection.js": {"path":"/Users/curtiswong/linkedin_courses/jest_course/end_to_end_test/database/dbConection.js","statementMap":{"0":{"start":{"line":1,"column":17},"end":{"line":1,"column":36}},"1":{"start":{"line":2,"column":0},"end":{"line":2,"column":27}},"2":{"start":{"line":5,"column":0},"end":{"line":9,"column":3}},"3":{"start":{"line":16,"column":0},"end":{"line":16,"column":26}}},"fnMap":{},"branchMap":{},"s":{"0":1,"1":1,"2":1,"3":1},"f":{},"b":{},"_coverageSchema":"1a1c01bbd47fc00a2c39e90264f33305004495a9","hash":"3c1ff9237e47fbb1aed6d690734c34be2fdd0bc0"}
,"/Users/curtiswong/linkedin_courses/jest_course/end_to_end_test/database/models/recipes.js": {"path":"/Users/curtiswong/linkedin_courses/jest_course/end_to_end_test/database/models/recipes.js","statementMap":{"0":{"start":{"line":1,"column":17},"end":{"line":1,"column":42}},"1":{"start":{"line":3,"column":19},"end":{"line":3,"column":27}},"2":{"start":{"line":5,"column":22},"end":{"line":25,"column":2}},"3":{"start":{"line":28,"column":0},"end":{"line":28,"column":41}},"4":{"start":{"line":31,"column":0},"end":{"line":31,"column":43}}},"fnMap":{},"branchMap":{},"s":{"0":1,"1":1,"2":1,"3":1,"4":1},"f":{},"b":{},"_coverageSchema":"1a1c01bbd47fc00a2c39e90264f33305004495a9","hash":"48829e3004ec991921c50bfeb462ca9c1c1befd0"}
,"/Users/curtiswong/linkedin_courses/jest_course/end_to_end_test/database/models/users.js": {"path":"/Users/curtiswong/linkedin_courses/jest_course/end_to_end_test/database/models/users.js","statementMap":{"0":{"start":{"line":1,"column":17},"end":{"line":1,"column":42}},"1":{"start":{"line":3,"column":19},"end":{"line":3,"column":27}},"2":{"start":{"line":5,"column":19},"end":{"line":15,"column":2}},"3":{"start":{"line":18,"column":0},"end":{"line":18,"column":36}},"4":{"start":{"line":21,"column":0},"end":{"line":21,"column":41}}},"fnMap":{},"branchMap":{},"s":{"0":1,"1":1,"2":1,"3":1,"4":1},"f":{},"b":{},"_coverageSchema":"1a1c01bbd47fc00a2c39e90264f33305004495a9","hash":"0b4a5ab65ab8c8c98d539b53deed153bce85aaef"}
,"/Users/curtiswong/linkedin_courses/jest_course/end_to_end_test/database/services/recipes.js": {"path":"/Users/curtiswong/linkedin_courses/jest_course/end_to_end_test/database/services/recipes.js","statementMap":{"0":{"start":{"line":1,"column":16},"end":{"line":1,"column":44}},"1":{"start":{"line":3,"column":21},"end":{"line":32,"column":1}},"2":{"start":{"line":6,"column":21},"end":{"line":6,"column":56}},"3":{"start":{"line":7,"column":4},"end":{"line":7,"column":20}},"4":{"start":{"line":11,"column":21},"end":{"line":11,"column":41}},"5":{"start":{"line":12,"column":4},"end":{"line":12,"column":20}},"6":{"start":{"line":16,"column":4},"end":{"line":20,"column":5}},"7":{"start":{"line":17,"column":23},"end":{"line":17,"column":49}},"8":{"start":{"line":18,"column":6},"end":{"line":18,"column":22}},"9":{"start":{"line":24,"column":21},"end":{"line":24,"column":96}},"10":{"start":{"line":25,"column":4},"end":{"line":25,"column":20}},"11":{"start":{"line":29,"column":21},"end":{"line":29,"column":56}},"12":{"start":{"line":30,"column":4},"end":{"line":30,"column":20}},"13":{"start":{"line":34,"column":0},"end":{"line":34,"column":30}}},"fnMap":{"0":{"name":"(anonymous_0)","decl":{"start":{"line":5,"column":15},"end":{"line":5,"column":16}},"loc":{"start":{"line":5,"column":40},"end":{"line":8,"column":3}},"line":5},"1":{"name":"(anonymous_1)","decl":{"start":{"line":10,"column":14},"end":{"line":10,"column":15}},"loc":{"start":{"line":10,"column":26},"end":{"line":13,"column":3}},"line":10},"2":{"name":"(anonymous_2)","decl":{"start":{"line":15,"column":13},"end":{"line":15,"column":14}},"loc":{"start":{"line":15,"column":27},"end":{"line":21,"column":3}},"line":15},"3":{"name":"(anonymous_3)","decl":{"start":{"line":23,"column":22},"end":{"line":23,"column":23}},"loc":{"start":{"line":23,"column":51},"end":{"line":26,"column":3}},"line":23},"4":{"name":"(anonymous_4)","decl":{"start":{"line":28,"column":22},"end":{"line":28,"column":23}},"loc":{"start":{"line":28,"column":36},"end":{"line":31,"column":3}},"line":28}},"branchMap":{},"s":{"0":1,"1":1,"2":1,"3":1,"4":1,"5":1,"6":5,"7":5,"8":4,"9":1,"10":1,"11":1,"12":1,"13":1},"f":{"0":1,"1":1,"2":5,"3":1,"4":1},"b":{},"_coverageSchema":"1a1c01bbd47fc00a2c39e90264f33305004495a9","hash":"b8f43a589c43e491c26c4eb9524f27b250919bcd"}
,"/Users/curtiswong/linkedin_courses/jest_course/end_to_end_test/database/services/users.js": {"path":"/Users/curtiswong/linkedin_courses/jest_course/end_to_end_test/database/services/users.js","statementMap":{"0":{"start":{"line":1,"column":13},"end":{"line":1,"column":39}},"1":{"start":{"line":3,"column":18},"end":{"line":11,"column":1}},"2":{"start":{"line":5,"column":17},"end":{"line":5,"column":49}},"3":{"start":{"line":6,"column":4},"end":{"line":8,"column":5}},"4":{"start":{"line":7,"column":6},"end":{"line":7,"column":19}},"5":{"start":{"line":9,"column":4},"end":{"line":9,"column":16}},"6":{"start":{"line":13,"column":0},"end":{"line":13,"column":27}}},"fnMap":{"0":{"name":"(anonymous_0)","decl":{"start":{"line":4,"column":18},"end":{"line":4,"column":19}},"loc":{"start":{"line":4,"column":38},"end":{"line":10,"column":3}},"line":4}},"branchMap":{"0":{"loc":{"start":{"line":6,"column":4},"end":{"line":8,"column":5}},"type":"if","locations":[{"start":{"line":6,"column":4},"end":{"line":8,"column":5}},{"start":{},"end":{}}],"line":6}},"s":{"0":1,"1":1,"2":3,"3":3,"4":1,"5":2,"6":1},"f":{"0":3},"b":{"0":[1,2]},"_coverageSchema":"1a1c01bbd47fc00a2c39e90264f33305004495a9","hash":"9193ba3d239032d7cc273fc52afce6c85d4d7add"}
,"/Users/curtiswong/linkedin_courses/jest_course/end_to_end_test/routes/authenticateToken.js": {"path":"/Users/curtiswong/linkedin_courses/jest_course/end_to_end_test/routes/authenticateToken.js","statementMap":{"0":{"start":{"line":2,"column":12},"end":{"line":2,"column":35}},"1":{"start":{"line":5,"column":21},"end":{"line":5,"column":46}},"2":{"start":{"line":6,"column":16},"end":{"line":6,"column":54}},"3":{"start":{"line":8,"column":2},"end":{"line":16,"column":5}},"4":{"start":{"line":9,"column":4},"end":{"line":13,"column":5}},"5":{"start":{"line":10,"column":6},"end":{"line":12,"column":9}},"6":{"start":{"line":14,"column":4},"end":{"line":14,"column":22}},"7":{"start":{"line":15,"column":4},"end":{"line":15,"column":11}},"8":{"start":{"line":18,"column":0},"end":{"line":18,"column":35}}},"fnMap":{"0":{"name":"authenticateToken","decl":{"start":{"line":4,"column":9},"end":{"line":4,"column":26}},"loc":{"start":{"line":4,"column":43},"end":{"line":17,"column":1}},"line":4},"1":{"name":"(anonymous_1)","decl":{"start":{"line":8,"column":53},"end":{"line":8,"column":54}},"loc":{"start":{"line":8,"column":70},"end":{"line":16,"column":3}},"line":8}},"branchMap":{"0":{"loc":{"start":{"line":6,"column":16},"end":{"line":6,"column":54}},"type":"binary-expr","locations":[{"start":{"line":6,"column":16},"end":{"line":6,"column":26}},{"start":{"line":6,"column":30},"end":{"line":6,"column":54}}],"line":6},"1":{"loc":{"start":{"line":9,"column":4},"end":{"line":13,"column":5}},"type":"if","locations":[{"start":{"line":9,"column":4},"end":{"line":13,"column":5}},{"start":{},"end":{}}],"line":9}},"s":{"0":1,"1":16,"2":16,"3":16,"4":16,"5":3,"6":13,"7":13,"8":1},"f":{"0":16,"1":16},"b":{"0":[16,16],"1":[3,13]},"_coverageSchema":"1a1c01bbd47fc00a2c39e90264f33305004495a9","hash":"70fbb8fc71715c235f69210364b2619c874a6be5"}
,"/Users/curtiswong/linkedin_courses/jest_course/end_to_end_test/routes/index.js": {"path":"/Users/curtiswong/linkedin_courses/jest_course/end_to_end_test/routes/index.js","statementMap":{"0":{"start":{"line":1,"column":16},"end":{"line":1,"column":34}},"1":{"start":{"line":3,"column":15},"end":{"line":3,"column":31}},"2":{"start":{"line":5,"column":26},"end":{"line":5,"column":56}},"3":{"start":{"line":6,"column":26},"end":{"line":6,"column":69}},"4":{"start":{"line":7,"column":23},"end":{"line":7,"column":64}},"5":{"start":{"line":10,"column":0},"end":{"line":10,"column":44}},"6":{"start":{"line":13,"column":0},"end":{"line":13,"column":69}},"7":{"start":{"line":14,"column":0},"end":{"line":14,"column":50}},"8":{"start":{"line":15,"column":0},"end":{"line":15,"column":53}},"9":{"start":{"line":16,"column":0},"end":{"line":16,"column":74}},"10":{"start":{"line":17,"column":0},"end":{"line":17,"column":75}},"11":{"start":{"line":19,"column":0},"end":{"line":19,"column":24}}},"fnMap":{},"branchMap":{},"s":{"0":1,"1":1,"2":1,"3":1,"4":1,"5":1,"6":1,"7":1,"8":1,"9":1,"10":1,"11":1},"f":{},"b":{},"_coverageSchema":"1a1c01bbd47fc00a2c39e90264f33305004495a9","hash":"8add0e26476bc7f8914eb79fbafe7fff63c1dd1a"}
}
